2020-06-17 14:02:27,753 [Worker-8] INFO  o.e.m.c.i.l.LifecycleMappingFactory - Using org.eclipse.m2e.jdt.JarLifecycleMapping lifecycle mapping for MavenProject: com.cognizant:account:0.0.1-SNAPSHOT @ D:\microservices\account\pom.xml.
2020-06-17 14:02:34,217 [Worker-8] INFO  o.e.m.j.i.AbstractJavaProjectConfigurator - Adding source folder /account/src/main/java
2020-06-17 14:02:34,219 [Worker-8] INFO  o.e.m.j.i.AbstractJavaProjectConfigurator - Adding resource folder /account/src/main/resources
2020-06-17 14:02:34,234 [Worker-8] INFO  o.e.m.j.i.AbstractJavaProjectConfigurator - Adding resource folder /account/src/main/resources
2020-06-17 14:02:34,251 [Worker-8] INFO  o.e.m.j.i.AbstractJavaProjectConfigurator - Adding source folder /account/src/test/java
2020-06-17 14:02:35,377 [Worker-4] INFO  o.e.m.c.i.l.LifecycleMappingFactory - Using org.eclipse.m2e.jdt.JarLifecycleMapping lifecycle mapping for MavenProject: com.cognizant:account:0.0.1-SNAPSHOT @ D:\microservices\account\pom.xml.
2020-06-17 14:02:36,099 [Worker-8] INFO  o.e.m.c.i.p.ProjectConfigurationManager - Imported and configured 1 project(s) in 15 sec
2020-06-17 14:02:44,547 [Worker-7] INFO  o.e.m.c.i.l.LifecycleMappingFactory - Using org.eclipse.m2e.jdt.JarLifecycleMapping lifecycle mapping for MavenProject: com.cognizant:account:0.0.1-SNAPSHOT @ D:\microservices\account\pom.xml.
2020-06-17 14:02:47,331 [Worker-7] INFO  o.e.m.c.i.embedder.EclipseLogger - Using 'UTF-8' encoding to copy filtered resources.
2020-06-17 14:02:47,371 [Worker-7] INFO  o.e.m.c.i.embedder.EclipseLogger - Copying 1 resource
2020-06-17 14:02:47,433 [Worker-7] INFO  o.e.m.c.i.embedder.EclipseLogger - Copying 0 resource
2020-06-17 14:02:47,442 [Worker-7] INFO  o.e.m.c.i.embedder.EclipseLogger - Using 'UTF-8' encoding to copy filtered resources.
2020-06-17 14:02:47,443 [Worker-7] INFO  o.e.m.c.i.embedder.EclipseLogger - skip non existing resourceDirectory D:\microservices\account\src\test\resources
2020-06-17 14:05:31,922 [Worker-6] INFO  o.e.m.c.i.embedder.EclipseLogger - Using 'UTF-8' encoding to copy filtered resources.
2020-06-17 14:05:31,949 [Worker-6] INFO  o.e.m.c.i.embedder.EclipseLogger - Copying 1 resource
2020-06-17 14:05:31,955 [Worker-6] INFO  o.e.m.c.i.embedder.EclipseLogger - Copying 0 resource
2020-06-17 14:05:31,966 [Worker-6] INFO  o.e.m.c.i.embedder.EclipseLogger - Using 'UTF-8' encoding to copy filtered resources.
2020-06-17 14:05:31,966 [Worker-6] INFO  o.e.m.c.i.embedder.EclipseLogger - skip non existing resourceDirectory D:\microservices\account\src\test\resources
2020-06-17 14:05:48,286 [Worker-4] INFO  o.e.m.c.i.embedder.EclipseLogger - Using 'UTF-8' encoding to copy filtered resources.
2020-06-17 14:05:48,290 [Worker-4] INFO  o.e.m.c.i.embedder.EclipseLogger - Copying 1 resource
2020-06-17 14:05:48,296 [Worker-4] INFO  o.e.m.c.i.embedder.EclipseLogger - Copying 0 resource
2020-06-17 14:05:48,306 [Worker-4] INFO  o.e.m.c.i.embedder.EclipseLogger - Using 'UTF-8' encoding to copy filtered resources.
2020-06-17 14:05:48,307 [Worker-4] INFO  o.e.m.c.i.embedder.EclipseLogger - skip non existing resourceDirectory D:\microservices\account\src\test\resources
2020-06-17 14:07:29,817 [Worker-4] INFO  o.e.m.c.i.embedder.EclipseLogger - Using 'UTF-8' encoding to copy filtered resources.
2020-06-17 14:07:29,821 [Worker-4] INFO  o.e.m.c.i.embedder.EclipseLogger - Copying 1 resource
2020-06-17 14:07:29,826 [Worker-4] INFO  o.e.m.c.i.embedder.EclipseLogger - Copying 0 resource
2020-06-17 14:07:29,840 [Worker-4] INFO  o.e.m.c.i.embedder.EclipseLogger - Using 'UTF-8' encoding to copy filtered resources.
2020-06-17 14:07:29,840 [Worker-4] INFO  o.e.m.c.i.embedder.EclipseLogger - skip non existing resourceDirectory D:\microservices\account\src\test\resources
2020-06-17 14:08:04,828 [Worker-4] INFO  o.e.m.c.i.embedder.EclipseLogger - Using 'UTF-8' encoding to copy filtered resources.
2020-06-17 14:08:04,831 [Worker-4] INFO  o.e.m.c.i.embedder.EclipseLogger - Copying 1 resource
2020-06-17 14:08:04,836 [Worker-4] INFO  o.e.m.c.i.embedder.EclipseLogger - Copying 0 resource
2020-06-17 14:08:04,845 [Worker-4] INFO  o.e.m.c.i.embedder.EclipseLogger - Using 'UTF-8' encoding to copy filtered resources.
2020-06-17 14:08:04,846 [Worker-4] INFO  o.e.m.c.i.embedder.EclipseLogger - skip non existing resourceDirectory D:\microservices\account\src\test\resources
2020-06-17 14:15:34,597 [Worker-10] INFO  o.e.m.c.i.embedder.EclipseLogger - Using 'UTF-8' encoding to copy filtered resources.
2020-06-17 14:15:34,602 [Worker-10] INFO  o.e.m.c.i.embedder.EclipseLogger - Copying 1 resource
2020-06-17 14:15:34,608 [Worker-10] INFO  o.e.m.c.i.embedder.EclipseLogger - Copying 0 resource
2020-06-17 14:15:34,619 [Worker-10] INFO  o.e.m.c.i.embedder.EclipseLogger - Using 'UTF-8' encoding to copy filtered resources.
2020-06-17 14:15:34,620 [Worker-10] INFO  o.e.m.c.i.embedder.EclipseLogger - skip non existing resourceDirectory D:\microservices\account\src\test\resources
2020-06-17 14:15:52,723 [Worker-13] INFO  o.e.m.c.i.embedder.EclipseLogger - Using 'UTF-8' encoding to copy filtered resources.
2020-06-17 14:15:52,734 [Worker-13] INFO  o.e.m.c.i.embedder.EclipseLogger - Copying 1 resource
2020-06-17 14:15:52,739 [Worker-13] INFO  o.e.m.c.i.embedder.EclipseLogger - Copying 0 resource
2020-06-17 14:15:52,751 [Worker-13] INFO  o.e.m.c.i.embedder.EclipseLogger - Using 'UTF-8' encoding to copy filtered resources.
2020-06-17 14:15:52,752 [Worker-13] INFO  o.e.m.c.i.embedder.EclipseLogger - skip non existing resourceDirectory D:\microservices\account\src\test\resources
2020-06-17 14:16:44,788 [Worker-14] INFO  o.e.m.c.i.embedder.EclipseLogger - Using 'UTF-8' encoding to copy filtered resources.
2020-06-17 14:16:44,789 [Worker-14] INFO  o.e.m.c.i.embedder.EclipseLogger - Copying 1 resource
2020-06-17 14:16:44,797 [Worker-14] INFO  o.e.m.c.i.embedder.EclipseLogger - Copying 0 resource
2020-06-17 14:16:44,810 [Worker-14] INFO  o.e.m.c.i.embedder.EclipseLogger - Using 'UTF-8' encoding to copy filtered resources.
2020-06-17 14:16:44,810 [Worker-14] INFO  o.e.m.c.i.embedder.EclipseLogger - skip non existing resourceDirectory D:\microservices\account\src\test\resources
2020-06-17 14:17:09,615 [Worker-14] INFO  o.e.m.c.i.embedder.EclipseLogger - Using 'UTF-8' encoding to copy filtered resources.
2020-06-17 14:17:09,616 [Worker-14] INFO  o.e.m.c.i.embedder.EclipseLogger - Copying 0 resource
2020-06-17 14:17:09,627 [Worker-14] INFO  o.e.m.c.i.embedder.EclipseLogger - Copying 1 resource
2020-06-17 14:17:09,657 [Worker-14] INFO  o.e.m.c.i.embedder.EclipseLogger - Using 'UTF-8' encoding to copy filtered resources.
2020-06-17 14:17:09,658 [Worker-14] INFO  o.e.m.c.i.embedder.EclipseLogger - skip non existing resourceDirectory D:\microservices\account\src\test\resources
2020-06-17 14:17:10,741 [Worker-13] INFO  o.e.m.c.i.embedder.EclipseLogger - Using 'UTF-8' encoding to copy filtered resources.
2020-06-17 14:17:10,742 [Worker-13] INFO  o.e.m.c.i.embedder.EclipseLogger - Copying 0 resource
2020-06-17 14:17:10,743 [Worker-13] INFO  o.e.m.c.i.embedder.EclipseLogger - Copying 1 resource
2020-06-17 14:17:10,754 [Worker-13] INFO  o.e.m.c.i.embedder.EclipseLogger - Using 'UTF-8' encoding to copy filtered resources.
2020-06-17 14:17:10,754 [Worker-13] INFO  o.e.m.c.i.embedder.EclipseLogger - skip non existing resourceDirectory D:\microservices\account\src\test\resources
2020-06-17 14:19:46,299 [Worker-11] INFO  o.e.m.c.i.embedder.EclipseLogger - Using 'UTF-8' encoding to copy filtered resources.
2020-06-17 14:19:46,302 [Worker-11] INFO  o.e.m.c.i.embedder.EclipseLogger - Copying 0 resource
2020-06-17 14:19:46,305 [Worker-11] INFO  o.e.m.c.i.embedder.EclipseLogger - Copying 1 resource
2020-06-17 14:19:46,319 [Worker-11] INFO  o.e.m.c.i.embedder.EclipseLogger - Using 'UTF-8' encoding to copy filtered resources.
2020-06-17 14:19:46,320 [Worker-11] INFO  o.e.m.c.i.embedder.EclipseLogger - skip non existing resourceDirectory D:\microservices\account\src\test\resources
2020-06-17 14:20:25,079 [Worker-14] INFO  o.e.m.c.i.embedder.EclipseLogger - Using 'UTF-8' encoding to copy filtered resources.
2020-06-17 14:20:25,085 [Worker-14] INFO  o.e.m.c.i.embedder.EclipseLogger - Copying 1 resource
2020-06-17 14:20:25,092 [Worker-14] INFO  o.e.m.c.i.embedder.EclipseLogger - Copying 1 resource
2020-06-17 14:20:25,101 [Worker-14] INFO  o.e.m.c.i.embedder.EclipseLogger - Using 'UTF-8' encoding to copy filtered resources.
2020-06-17 14:20:25,102 [Worker-14] INFO  o.e.m.c.i.embedder.EclipseLogger - skip non existing resourceDirectory D:\microservices\account\src\test\resources
2020-06-17 14:20:42,830 [Worker-12] INFO  o.e.m.c.i.embedder.EclipseLogger - Using 'UTF-8' encoding to copy filtered resources.
2020-06-17 14:20:42,833 [Worker-12] INFO  o.e.m.c.i.embedder.EclipseLogger - Copying 1 resource
2020-06-17 14:20:42,842 [Worker-12] INFO  o.e.m.c.i.embedder.EclipseLogger - Copying 1 resource
2020-06-17 14:20:42,893 [Worker-12] INFO  o.e.m.c.i.embedder.EclipseLogger - Using 'UTF-8' encoding to copy filtered resources.
2020-06-17 14:20:42,894 [Worker-12] INFO  o.e.m.c.i.embedder.EclipseLogger - skip non existing resourceDirectory D:\microservices\account\src\test\resources
2020-06-17 14:21:37,830 [Worker-12] INFO  o.e.m.c.i.embedder.EclipseLogger - Using 'UTF-8' encoding to copy filtered resources.
2020-06-17 14:21:37,833 [Worker-12] INFO  o.e.m.c.i.embedder.EclipseLogger - Copying 1 resource
2020-06-17 14:21:37,841 [Worker-12] INFO  o.e.m.c.i.embedder.EclipseLogger - Copying 1 resource
2020-06-17 14:21:37,849 [Worker-12] INFO  o.e.m.c.i.embedder.EclipseLogger - Using 'UTF-8' encoding to copy filtered resources.
2020-06-17 14:21:37,850 [Worker-12] INFO  o.e.m.c.i.embedder.EclipseLogger - skip non existing resourceDirectory D:\microservices\account\src\test\resources
2020-06-17 14:21:51,569 [Worker-2] INFO  o.e.m.c.i.embedder.EclipseLogger - Using 'UTF-8' encoding to copy filtered resources.
2020-06-17 14:21:51,573 [Worker-2] INFO  o.e.m.c.i.embedder.EclipseLogger - Copying 1 resource
2020-06-17 14:21:51,583 [Worker-2] INFO  o.e.m.c.i.embedder.EclipseLogger - Copying 1 resource
2020-06-17 14:21:51,594 [Worker-2] INFO  o.e.m.c.i.embedder.EclipseLogger - Using 'UTF-8' encoding to copy filtered resources.
2020-06-17 14:21:51,595 [Worker-2] INFO  o.e.m.c.i.embedder.EclipseLogger - skip non existing resourceDirectory D:\microservices\account\src\test\resources
2020-06-17 14:24:52,736 [Worker-10] INFO  o.e.m.c.i.embedder.EclipseLogger - Using 'UTF-8' encoding to copy filtered resources.
2020-06-17 14:24:52,744 [Worker-10] INFO  o.e.m.c.i.embedder.EclipseLogger - Copying 1 resource
2020-06-17 14:24:52,761 [Worker-10] INFO  o.e.m.c.i.embedder.EclipseLogger - Copying 1 resource
2020-06-17 14:24:52,776 [Worker-10] INFO  o.e.m.c.i.embedder.EclipseLogger - Using 'UTF-8' encoding to copy filtered resources.
2020-06-17 14:24:52,777 [Worker-10] INFO  o.e.m.c.i.embedder.EclipseLogger - skip non existing resourceDirectory D:\microservices\account\src\test\resources
2020-06-17 14:27:35,737 [Worker-17] INFO  o.e.m.c.i.embedder.EclipseLogger - Using 'UTF-8' encoding to copy filtered resources.
2020-06-17 14:27:35,740 [Worker-17] INFO  o.e.m.c.i.embedder.EclipseLogger - Copying 1 resource
2020-06-17 14:27:35,749 [Worker-17] INFO  o.e.m.c.i.embedder.EclipseLogger - Copying 1 resource
2020-06-17 14:27:35,758 [Worker-17] INFO  o.e.m.c.i.embedder.EclipseLogger - Using 'UTF-8' encoding to copy filtered resources.
2020-06-17 14:27:35,759 [Worker-17] INFO  o.e.m.c.i.embedder.EclipseLogger - skip non existing resourceDirectory D:\microservices\account\src\test\resources
2020-06-17 14:27:44,477 [Worker-17] INFO  o.e.m.c.i.embedder.EclipseLogger - Using 'UTF-8' encoding to copy filtered resources.
2020-06-17 14:27:44,481 [Worker-17] INFO  o.e.m.c.i.embedder.EclipseLogger - Copying 1 resource
2020-06-17 14:27:44,486 [Worker-17] INFO  o.e.m.c.i.embedder.EclipseLogger - Copying 1 resource
2020-06-17 14:27:44,495 [Worker-17] INFO  o.e.m.c.i.embedder.EclipseLogger - Using 'UTF-8' encoding to copy filtered resources.
2020-06-17 14:27:44,496 [Worker-17] INFO  o.e.m.c.i.embedder.EclipseLogger - skip non existing resourceDirectory D:\microservices\account\src\test\resources
2020-06-17 14:28:30,754 [Worker-17] INFO  o.e.m.c.i.embedder.EclipseLogger - Using 'UTF-8' encoding to copy filtered resources.
2020-06-17 14:28:30,756 [Worker-17] INFO  o.e.m.c.i.embedder.EclipseLogger - Copying 1 resource
2020-06-17 14:28:30,770 [Worker-17] INFO  o.e.m.c.i.embedder.EclipseLogger - Copying 1 resource
2020-06-17 14:28:30,779 [Worker-17] INFO  o.e.m.c.i.embedder.EclipseLogger - Using 'UTF-8' encoding to copy filtered resources.
2020-06-17 14:28:30,780 [Worker-17] INFO  o.e.m.c.i.embedder.EclipseLogger - skip non existing resourceDirectory D:\microservices\account\src\test\resources
2020-06-17 14:28:45,890 [Worker-18] INFO  o.e.m.c.i.embedder.EclipseLogger - Using 'UTF-8' encoding to copy filtered resources.
2020-06-17 14:28:45,894 [Worker-18] INFO  o.e.m.c.i.embedder.EclipseLogger - Copying 1 resource
2020-06-17 14:28:45,901 [Worker-18] INFO  o.e.m.c.i.embedder.EclipseLogger - Copying 1 resource
2020-06-17 14:28:45,912 [Worker-18] INFO  o.e.m.c.i.embedder.EclipseLogger - Using 'UTF-8' encoding to copy filtered resources.
2020-06-17 14:28:45,912 [Worker-18] INFO  o.e.m.c.i.embedder.EclipseLogger - skip non existing resourceDirectory D:\microservices\account\src\test\resources
2020-06-17 14:29:56,623 [Worker-3] INFO  o.e.m.c.i.embedder.EclipseLogger - Using 'UTF-8' encoding to copy filtered resources.
2020-06-17 14:29:56,626 [Worker-3] INFO  o.e.m.c.i.embedder.EclipseLogger - Copying 1 resource
2020-06-17 14:29:56,645 [Worker-3] INFO  o.e.m.c.i.embedder.EclipseLogger - Copying 1 resource
2020-06-17 14:29:56,674 [Worker-3] INFO  o.e.m.c.i.embedder.EclipseLogger - Using 'UTF-8' encoding to copy filtered resources.
2020-06-17 14:29:56,675 [Worker-3] INFO  o.e.m.c.i.embedder.EclipseLogger - skip non existing resourceDirectory D:\microservices\account\src\test\resources
2020-06-17 14:31:27,242 [Worker-18] INFO  o.e.m.c.i.embedder.EclipseLogger - Using 'UTF-8' encoding to copy filtered resources.
2020-06-17 14:31:27,247 [Worker-18] INFO  o.e.m.c.i.embedder.EclipseLogger - Copying 1 resource
2020-06-17 14:31:27,258 [Worker-18] INFO  o.e.m.c.i.embedder.EclipseLogger - Copying 1 resource
2020-06-17 14:31:27,269 [Worker-18] INFO  o.e.m.c.i.embedder.EclipseLogger - Using 'UTF-8' encoding to copy filtered resources.
2020-06-17 14:31:27,270 [Worker-18] INFO  o.e.m.c.i.embedder.EclipseLogger - skip non existing resourceDirectory D:\microservices\account\src\test\resources
2020-06-17 14:32:02,743 [Worker-13] INFO  o.e.m.c.i.embedder.EclipseLogger - Using 'UTF-8' encoding to copy filtered resources.
2020-06-17 14:32:02,746 [Worker-13] INFO  o.e.m.c.i.embedder.EclipseLogger - Copying 1 resource
2020-06-17 14:32:02,761 [Worker-13] INFO  o.e.m.c.i.embedder.EclipseLogger - Copying 1 resource
2020-06-17 14:32:02,770 [Worker-13] INFO  o.e.m.c.i.embedder.EclipseLogger - Using 'UTF-8' encoding to copy filtered resources.
2020-06-17 14:32:02,770 [Worker-13] INFO  o.e.m.c.i.embedder.EclipseLogger - skip non existing resourceDirectory D:\microservices\account\src\test\resources
2020-06-17 14:32:08,627 [Worker-15] INFO  o.e.m.c.i.embedder.EclipseLogger - Using 'UTF-8' encoding to copy filtered resources.
2020-06-17 14:32:08,630 [Worker-15] INFO  o.e.m.c.i.embedder.EclipseLogger - Copying 1 resource
2020-06-17 14:32:08,637 [Worker-15] INFO  o.e.m.c.i.embedder.EclipseLogger - Copying 1 resource
2020-06-17 14:32:08,654 [Worker-15] INFO  o.e.m.c.i.embedder.EclipseLogger - Using 'UTF-8' encoding to copy filtered resources.
2020-06-17 14:32:08,654 [Worker-15] INFO  o.e.m.c.i.embedder.EclipseLogger - skip non existing resourceDirectory D:\microservices\account\src\test\resources
2020-06-17 14:32:40,720 [Worker-15] INFO  o.e.m.c.i.embedder.EclipseLogger - Using 'UTF-8' encoding to copy filtered resources.
2020-06-17 14:32:40,724 [Worker-15] INFO  o.e.m.c.i.embedder.EclipseLogger - Copying 1 resource
2020-06-17 14:32:40,736 [Worker-15] INFO  o.e.m.c.i.embedder.EclipseLogger - Copying 1 resource
2020-06-17 14:32:40,744 [Worker-15] INFO  o.e.m.c.i.embedder.EclipseLogger - Using 'UTF-8' encoding to copy filtered resources.
2020-06-17 14:32:40,744 [Worker-15] INFO  o.e.m.c.i.embedder.EclipseLogger - skip non existing resourceDirectory D:\microservices\account\src\test\resources
2020-06-17 14:32:56,082 [Worker-13] INFO  o.e.m.c.i.embedder.EclipseLogger - Using 'UTF-8' encoding to copy filtered resources.
2020-06-17 14:32:56,086 [Worker-13] INFO  o.e.m.c.i.embedder.EclipseLogger - Copying 1 resource
2020-06-17 14:32:56,092 [Worker-13] INFO  o.e.m.c.i.embedder.EclipseLogger - Copying 1 resource
2020-06-17 14:32:56,100 [Worker-13] INFO  o.e.m.c.i.embedder.EclipseLogger - Using 'UTF-8' encoding to copy filtered resources.
2020-06-17 14:32:56,101 [Worker-13] INFO  o.e.m.c.i.embedder.EclipseLogger - skip non existing resourceDirectory D:\microservices\account\src\test\resources
2020-06-17 14:35:25,581 [Worker-15] INFO  o.e.m.c.i.embedder.EclipseLogger - Using 'UTF-8' encoding to copy filtered resources.
2020-06-17 14:35:25,584 [Worker-15] INFO  o.e.m.c.i.embedder.EclipseLogger - Copying 1 resource
2020-06-17 14:35:25,593 [Worker-15] INFO  o.e.m.c.i.embedder.EclipseLogger - Copying 1 resource
2020-06-17 14:35:25,603 [Worker-15] INFO  o.e.m.c.i.embedder.EclipseLogger - Using 'UTF-8' encoding to copy filtered resources.
2020-06-17 14:35:25,603 [Worker-15] INFO  o.e.m.c.i.embedder.EclipseLogger - skip non existing resourceDirectory D:\microservices\account\src\test\resources
2020-06-17 14:35:38,394 [Worker-13] INFO  o.e.m.c.i.embedder.EclipseLogger - Using 'UTF-8' encoding to copy filtered resources.
2020-06-17 14:35:38,397 [Worker-13] INFO  o.e.m.c.i.embedder.EclipseLogger - Copying 1 resource
2020-06-17 14:35:38,404 [Worker-13] INFO  o.e.m.c.i.embedder.EclipseLogger - Copying 1 resource
2020-06-17 14:35:38,412 [Worker-13] INFO  o.e.m.c.i.embedder.EclipseLogger - Using 'UTF-8' encoding to copy filtered resources.
2020-06-17 14:35:38,413 [Worker-13] INFO  o.e.m.c.i.embedder.EclipseLogger - skip non existing resourceDirectory D:\microservices\account\src\test\resources
2020-06-17 14:37:04,325 [Worker-17] INFO  o.e.m.c.i.embedder.EclipseLogger - Using 'UTF-8' encoding to copy filtered resources.
2020-06-17 14:37:04,328 [Worker-17] INFO  o.e.m.c.i.embedder.EclipseLogger - Copying 1 resource
2020-06-17 14:37:04,334 [Worker-17] INFO  o.e.m.c.i.embedder.EclipseLogger - Copying 1 resource
2020-06-17 14:37:04,342 [Worker-17] INFO  o.e.m.c.i.embedder.EclipseLogger - Using 'UTF-8' encoding to copy filtered resources.
2020-06-17 14:37:04,342 [Worker-17] INFO  o.e.m.c.i.embedder.EclipseLogger - skip non existing resourceDirectory D:\microservices\account\src\test\resources
2020-06-17 14:37:12,011 [Worker-15] INFO  o.e.m.c.i.embedder.EclipseLogger - Using 'UTF-8' encoding to copy filtered resources.
2020-06-17 14:37:12,014 [Worker-15] INFO  o.e.m.c.i.embedder.EclipseLogger - Copying 1 resource
2020-06-17 14:37:12,023 [Worker-15] INFO  o.e.m.c.i.embedder.EclipseLogger - Copying 1 resource
2020-06-17 14:37:12,032 [Worker-15] INFO  o.e.m.c.i.embedder.EclipseLogger - Using 'UTF-8' encoding to copy filtered resources.
2020-06-17 14:37:12,032 [Worker-15] INFO  o.e.m.c.i.embedder.EclipseLogger - skip non existing resourceDirectory D:\microservices\account\src\test\resources
2020-06-17 14:37:33,790 [Worker-20] INFO  o.e.m.c.i.embedder.EclipseLogger - Using 'UTF-8' encoding to copy filtered resources.
2020-06-17 14:37:33,792 [Worker-20] INFO  o.e.m.c.i.embedder.EclipseLogger - Copying 1 resource
2020-06-17 14:37:33,797 [Worker-20] INFO  o.e.m.c.i.embedder.EclipseLogger - Copying 1 resource
2020-06-17 14:37:33,805 [Worker-20] INFO  o.e.m.c.i.embedder.EclipseLogger - Using 'UTF-8' encoding to copy filtered resources.
2020-06-17 14:37:33,806 [Worker-20] INFO  o.e.m.c.i.embedder.EclipseLogger - skip non existing resourceDirectory D:\microservices\account\src\test\resources
2020-06-17 14:37:49,771 [Worker-17] INFO  o.e.m.c.i.embedder.EclipseLogger - Using 'UTF-8' encoding to copy filtered resources.
2020-06-17 14:37:49,773 [Worker-17] INFO  o.e.m.c.i.embedder.EclipseLogger - Copying 1 resource
2020-06-17 14:37:49,779 [Worker-17] INFO  o.e.m.c.i.embedder.EclipseLogger - Copying 1 resource
2020-06-17 14:37:49,788 [Worker-17] INFO  o.e.m.c.i.embedder.EclipseLogger - Using 'UTF-8' encoding to copy filtered resources.
2020-06-17 14:37:49,789 [Worker-17] INFO  o.e.m.c.i.embedder.EclipseLogger - skip non existing resourceDirectory D:\microservices\account\src\test\resources
2020-06-17 14:38:49,670 [Worker-17] INFO  o.e.m.c.i.embedder.EclipseLogger - Using 'UTF-8' encoding to copy filtered resources.
2020-06-17 14:38:49,673 [Worker-17] INFO  o.e.m.c.i.embedder.EclipseLogger - Copying 1 resource
2020-06-17 14:38:49,680 [Worker-17] INFO  o.e.m.c.i.embedder.EclipseLogger - Copying 1 resource
2020-06-17 14:38:49,689 [Worker-17] INFO  o.e.m.c.i.embedder.EclipseLogger - Using 'UTF-8' encoding to copy filtered resources.
2020-06-17 14:38:49,690 [Worker-17] INFO  o.e.m.c.i.embedder.EclipseLogger - skip non existing resourceDirectory D:\microservices\account\src\test\resources
2020-06-17 14:39:45,985 [Worker-13] INFO  o.e.m.c.i.embedder.EclipseLogger - Using 'UTF-8' encoding to copy filtered resources.
2020-06-17 14:39:45,990 [Worker-13] INFO  o.e.m.c.i.embedder.EclipseLogger - Copying 1 resource
2020-06-17 14:39:45,998 [Worker-13] INFO  o.e.m.c.i.embedder.EclipseLogger - Copying 1 resource
2020-06-17 14:39:46,008 [Worker-13] INFO  o.e.m.c.i.embedder.EclipseLogger - Using 'UTF-8' encoding to copy filtered resources.
2020-06-17 14:39:46,008 [Worker-13] INFO  o.e.m.c.i.embedder.EclipseLogger - skip non existing resourceDirectory D:\microservices\account\src\test\resources
2020-06-17 14:41:11,296 [Worker-21] INFO  o.e.m.c.i.embedder.EclipseLogger - Using 'UTF-8' encoding to copy filtered resources.
2020-06-17 14:41:11,299 [Worker-21] INFO  o.e.m.c.i.embedder.EclipseLogger - Copying 1 resource
2020-06-17 14:41:11,305 [Worker-21] INFO  o.e.m.c.i.embedder.EclipseLogger - Copying 1 resource
2020-06-17 14:41:11,316 [Worker-21] INFO  o.e.m.c.i.embedder.EclipseLogger - Using 'UTF-8' encoding to copy filtered resources.
2020-06-17 14:41:11,316 [Worker-21] INFO  o.e.m.c.i.embedder.EclipseLogger - skip non existing resourceDirectory D:\microservices\account\src\test\resources
2020-06-17 14:41:51,091 [Worker-15] INFO  o.e.m.c.i.embedder.EclipseLogger - Using 'UTF-8' encoding to copy filtered resources.
2020-06-17 14:41:51,094 [Worker-15] INFO  o.e.m.c.i.embedder.EclipseLogger - Copying 1 resource
2020-06-17 14:41:51,102 [Worker-15] INFO  o.e.m.c.i.embedder.EclipseLogger - Copying 1 resource
2020-06-17 14:41:51,111 [Worker-15] INFO  o.e.m.c.i.embedder.EclipseLogger - Using 'UTF-8' encoding to copy filtered resources.
2020-06-17 14:41:51,111 [Worker-15] INFO  o.e.m.c.i.embedder.EclipseLogger - skip non existing resourceDirectory D:\microservices\account\src\test\resources
2020-06-17 14:42:08,052 [Worker-21] INFO  o.e.m.i.launch.MavenLaunchDelegate - D:\microservices\account
2020-06-17 14:42:08,053 [Worker-21] INFO  o.e.m.i.launch.MavenLaunchDelegate -  mvn  -B install
2020-06-17 14:42:31,809 [Worker-18] INFO  o.e.m.c.i.embedder.EclipseLogger - Using 'UTF-8' encoding to copy filtered resources.
2020-06-17 14:42:31,812 [Worker-18] INFO  o.e.m.c.i.embedder.EclipseLogger - Copying 1 resource
2020-06-17 14:42:31,819 [Worker-18] INFO  o.e.m.c.i.embedder.EclipseLogger - Copying 1 resource
2020-06-17 14:42:31,826 [Worker-18] INFO  o.e.m.c.i.embedder.EclipseLogger - Using 'UTF-8' encoding to copy filtered resources.
2020-06-17 14:42:31,827 [Worker-18] INFO  o.e.m.c.i.embedder.EclipseLogger - skip non existing resourceDirectory D:\microservices\account\src\test\resources
2020-06-17 14:48:19,193 [Worker-24] INFO  o.e.m.c.i.embedder.EclipseLogger - Using 'UTF-8' encoding to copy filtered resources.
2020-06-17 14:48:19,196 [Worker-24] INFO  o.e.m.c.i.embedder.EclipseLogger - Copying 1 resource
2020-06-17 14:48:19,203 [Worker-24] INFO  o.e.m.c.i.embedder.EclipseLogger - Copying 1 resource
2020-06-17 14:48:19,213 [Worker-24] INFO  o.e.m.c.i.embedder.EclipseLogger - Using 'UTF-8' encoding to copy filtered resources.
2020-06-17 14:48:19,213 [Worker-24] INFO  o.e.m.c.i.embedder.EclipseLogger - skip non existing resourceDirectory D:\microservices\account\src\test\resources
2020-06-17 14:49:02,604 [Worker-23] INFO  o.e.m.c.i.embedder.EclipseLogger - Using 'UTF-8' encoding to copy filtered resources.
2020-06-17 14:49:02,607 [Worker-23] INFO  o.e.m.c.i.embedder.EclipseLogger - Copying 1 resource
2020-06-17 14:49:02,614 [Worker-23] INFO  o.e.m.c.i.embedder.EclipseLogger - Copying 1 resource
2020-06-17 14:49:02,622 [Worker-23] INFO  o.e.m.c.i.embedder.EclipseLogger - Using 'UTF-8' encoding to copy filtered resources.
2020-06-17 14:49:02,623 [Worker-23] INFO  o.e.m.c.i.embedder.EclipseLogger - skip non existing resourceDirectory D:\microservices\account\src\test\resources
2020-06-17 14:50:59,891 [Worker-24] INFO  o.e.m.c.i.embedder.EclipseLogger - Using 'UTF-8' encoding to copy filtered resources.
2020-06-17 14:50:59,894 [Worker-24] INFO  o.e.m.c.i.embedder.EclipseLogger - Copying 1 resource
2020-06-17 14:50:59,901 [Worker-24] INFO  o.e.m.c.i.embedder.EclipseLogger - Copying 1 resource
2020-06-17 14:50:59,910 [Worker-24] INFO  o.e.m.c.i.embedder.EclipseLogger - Using 'UTF-8' encoding to copy filtered resources.
2020-06-17 14:50:59,910 [Worker-24] INFO  o.e.m.c.i.embedder.EclipseLogger - skip non existing resourceDirectory D:\microservices\account\src\test\resources
2020-06-17 14:51:19,868 [Worker-24] INFO  o.e.m.c.i.p.ProjectConfigurationManager - Update started
2020-06-17 14:51:21,879 [Worker-24] INFO  o.e.m.c.i.l.LifecycleMappingFactory - Using org.eclipse.m2e.jdt.JarLifecycleMapping lifecycle mapping for MavenProject: com.cognizant:account:0.0.1-SNAPSHOT @ D:\microservices\account\pom.xml.
2020-06-17 14:51:25,016 [Worker-24] INFO  o.e.m.j.i.AbstractJavaProjectConfigurator - Adding source folder /account/src/main/java
2020-06-17 14:51:25,017 [Worker-24] INFO  o.e.m.j.i.AbstractJavaProjectConfigurator - Adding resource folder /account/src/main/resources
2020-06-17 14:51:25,019 [Worker-24] INFO  o.e.m.j.i.AbstractJavaProjectConfigurator - Adding resource folder /account/src/main/resources
2020-06-17 14:51:25,022 [Worker-24] INFO  o.e.m.j.i.AbstractJavaProjectConfigurator - Adding source folder /account/src/test/java
2020-06-17 14:51:27,813 [Worker-24] INFO  o.e.m.c.i.l.LifecycleMappingFactory - Using org.eclipse.m2e.jdt.JarLifecycleMapping lifecycle mapping for MavenProject: com.cognizant:account:0.0.1-SNAPSHOT @ D:\microservices\account\pom.xml.
2020-06-17 14:51:28,909 [Worker-24] INFO  o.e.m.c.i.p.ProjectConfigurationManager - Update completed: 9 sec
2020-06-17 14:51:32,696 [Worker-29] INFO  o.e.m.c.i.embedder.EclipseLogger - Using 'UTF-8' encoding to copy filtered resources.
2020-06-17 14:51:32,699 [Worker-29] INFO  o.e.m.c.i.embedder.EclipseLogger - Copying 1 resource
2020-06-17 14:51:32,705 [Worker-29] INFO  o.e.m.c.i.embedder.EclipseLogger - Copying 1 resource
2020-06-17 14:51:32,722 [Worker-29] INFO  o.e.m.c.i.embedder.EclipseLogger - Using 'UTF-8' encoding to copy filtered resources.
2020-06-17 14:51:32,723 [Worker-29] INFO  o.e.m.c.i.embedder.EclipseLogger - skip non existing resourceDirectory D:\microservices\account\src\test\resources
2020-06-17 14:51:42,325 [Worker-25] INFO  o.e.m.c.i.embedder.EclipseLogger - Using 'UTF-8' encoding to copy filtered resources.
2020-06-17 14:51:42,328 [Worker-25] INFO  o.e.m.c.i.embedder.EclipseLogger - Copying 1 resource
2020-06-17 14:51:42,334 [Worker-25] INFO  o.e.m.c.i.embedder.EclipseLogger - Copying 1 resource
2020-06-17 14:51:42,340 [Worker-25] INFO  o.e.m.c.i.embedder.EclipseLogger - Using 'UTF-8' encoding to copy filtered resources.
2020-06-17 14:51:42,341 [Worker-25] INFO  o.e.m.c.i.embedder.EclipseLogger - skip non existing resourceDirectory D:\microservices\account\src\test\resources
2020-06-17 14:52:57,560 [Worker-20] INFO  o.e.m.c.i.embedder.EclipseLogger - Using 'UTF-8' encoding to copy filtered resources.
2020-06-17 14:52:57,562 [Worker-20] INFO  o.e.m.c.i.embedder.EclipseLogger - Copying 1 resource
2020-06-17 14:52:57,569 [Worker-20] INFO  o.e.m.c.i.embedder.EclipseLogger - Copying 1 resource
2020-06-17 14:52:57,577 [Worker-20] INFO  o.e.m.c.i.embedder.EclipseLogger - Using 'UTF-8' encoding to copy filtered resources.
2020-06-17 14:52:57,577 [Worker-20] INFO  o.e.m.c.i.embedder.EclipseLogger - skip non existing resourceDirectory D:\microservices\account\src\test\resources
2020-06-17 15:05:00,227 [Worker-40] INFO  o.e.m.c.i.l.LifecycleMappingFactory - Using org.eclipse.m2e.jdt.JarLifecycleMapping lifecycle mapping for MavenProject: com.cognizant:loan:0.0.1-SNAPSHOT @ D:\microservices\loan\pom.xml.
2020-06-17 15:05:03,543 [Worker-40] INFO  o.e.m.j.i.AbstractJavaProjectConfigurator - Adding source folder /loan/src/main/java
2020-06-17 15:05:03,544 [Worker-40] INFO  o.e.m.j.i.AbstractJavaProjectConfigurator - Adding resource folder /loan/src/main/resources
2020-06-17 15:05:03,553 [Worker-40] INFO  o.e.m.j.i.AbstractJavaProjectConfigurator - Adding resource folder /loan/src/main/resources
2020-06-17 15:05:03,609 [Worker-40] INFO  o.e.m.j.i.AbstractJavaProjectConfigurator - Adding source folder /loan/src/test/java
2020-06-17 15:05:04,506 [Worker-40] INFO  o.e.m.c.i.p.ProjectConfigurationManager - Imported and configured 1 project(s) in 6 sec
2020-06-17 15:05:05,165 [Worker-42] INFO  o.e.m.c.i.l.LifecycleMappingFactory - Using org.eclipse.m2e.jdt.JarLifecycleMapping lifecycle mapping for MavenProject: com.cognizant:loan:0.0.1-SNAPSHOT @ D:\microservices\loan\pom.xml.
2020-06-17 15:05:07,426 [Worker-43] INFO  o.e.m.c.i.l.LifecycleMappingFactory - Using org.eclipse.m2e.jdt.JarLifecycleMapping lifecycle mapping for MavenProject: com.cognizant:loan:0.0.1-SNAPSHOT @ D:\microservices\loan\pom.xml.
2020-06-17 15:05:10,308 [Worker-43] INFO  o.e.m.c.i.embedder.EclipseLogger - Using 'UTF-8' encoding to copy filtered resources.
2020-06-17 15:05:10,309 [Worker-43] INFO  o.e.m.c.i.embedder.EclipseLogger - Copying 1 resource
2020-06-17 15:05:10,313 [Worker-43] INFO  o.e.m.c.i.embedder.EclipseLogger - Copying 0 resource
2020-06-17 15:05:10,322 [Worker-43] INFO  o.e.m.c.i.embedder.EclipseLogger - Using 'UTF-8' encoding to copy filtered resources.
2020-06-17 15:05:10,322 [Worker-43] INFO  o.e.m.c.i.embedder.EclipseLogger - skip non existing resourceDirectory D:\microservices\loan\src\test\resources
2020-06-17 15:05:12,858 [Worker-39] INFO  o.e.m.c.i.l.LifecycleMappingFactory - Using org.eclipse.m2e.jdt.JarLifecycleMapping lifecycle mapping for MavenProject: com.cognizant:loan:0.0.1-SNAPSHOT @ D:\microservices\loan\pom.xml.
2020-06-17 15:05:17,699 [Worker-40] INFO  o.e.m.c.i.embedder.EclipseLogger - Using 'UTF-8' encoding to copy filtered resources.
2020-06-17 15:05:17,700 [Worker-40] INFO  o.e.m.c.i.embedder.EclipseLogger - Copying 0 resource
2020-06-17 15:05:17,702 [Worker-40] INFO  o.e.m.c.i.embedder.EclipseLogger - Copying 0 resource
2020-06-17 15:05:17,713 [Worker-40] INFO  o.e.m.c.i.embedder.EclipseLogger - Using 'UTF-8' encoding to copy filtered resources.
2020-06-17 15:05:17,714 [Worker-40] INFO  o.e.m.c.i.embedder.EclipseLogger - skip non existing resourceDirectory D:\microservices\loan\src\test\resources
2020-06-17 15:07:11,250 [Worker-28] INFO  o.e.m.c.i.embedder.EclipseLogger - Using 'UTF-8' encoding to copy filtered resources.
2020-06-17 15:07:11,254 [Worker-28] INFO  o.e.m.c.i.embedder.EclipseLogger - Copying 1 resource
2020-06-17 15:07:11,260 [Worker-28] INFO  o.e.m.c.i.embedder.EclipseLogger - Copying 0 resource
2020-06-17 15:07:11,275 [Worker-28] INFO  o.e.m.c.i.embedder.EclipseLogger - Using 'UTF-8' encoding to copy filtered resources.
2020-06-17 15:07:11,275 [Worker-28] INFO  o.e.m.c.i.embedder.EclipseLogger - skip non existing resourceDirectory D:\microservices\loan\src\test\resources
2020-06-17 15:07:39,446 [Worker-40] INFO  o.e.m.c.i.embedder.EclipseLogger - Using 'UTF-8' encoding to copy filtered resources.
2020-06-17 15:07:39,450 [Worker-40] INFO  o.e.m.c.i.embedder.EclipseLogger - Copying 1 resource
2020-06-17 15:07:39,458 [Worker-40] INFO  o.e.m.c.i.embedder.EclipseLogger - Copying 0 resource
2020-06-17 15:07:39,471 [Worker-40] INFO  o.e.m.c.i.embedder.EclipseLogger - Using 'UTF-8' encoding to copy filtered resources.
2020-06-17 15:07:39,472 [Worker-40] INFO  o.e.m.c.i.embedder.EclipseLogger - skip non existing resourceDirectory D:\microservices\loan\src\test\resources
2020-06-17 15:09:50,218 [Worker-28] INFO  o.e.m.c.i.embedder.EclipseLogger - Using 'UTF-8' encoding to copy filtered resources.
2020-06-17 15:09:50,220 [Worker-28] INFO  o.e.m.c.i.embedder.EclipseLogger - Copying 1 resource
2020-06-17 15:09:50,233 [Worker-28] INFO  o.e.m.c.i.embedder.EclipseLogger - Copying 0 resource
2020-06-17 15:09:50,244 [Worker-28] INFO  o.e.m.c.i.embedder.EclipseLogger - Using 'UTF-8' encoding to copy filtered resources.
2020-06-17 15:09:50,245 [Worker-28] INFO  o.e.m.c.i.embedder.EclipseLogger - skip non existing resourceDirectory D:\microservices\loan\src\test\resources
2020-06-17 15:09:59,612 [Worker-28] INFO  o.e.m.c.i.embedder.EclipseLogger - Using 'UTF-8' encoding to copy filtered resources.
2020-06-17 15:09:59,615 [Worker-28] INFO  o.e.m.c.i.embedder.EclipseLogger - Copying 1 resource
2020-06-17 15:09:59,619 [Worker-28] INFO  o.e.m.c.i.embedder.EclipseLogger - Copying 0 resource
2020-06-17 15:09:59,627 [Worker-28] INFO  o.e.m.c.i.embedder.EclipseLogger - Using 'UTF-8' encoding to copy filtered resources.
2020-06-17 15:09:59,627 [Worker-28] INFO  o.e.m.c.i.embedder.EclipseLogger - skip non existing resourceDirectory D:\microservices\loan\src\test\resources
2020-06-17 15:10:23,479 [Worker-39] INFO  o.e.m.c.i.embedder.EclipseLogger - Using 'UTF-8' encoding to copy filtered resources.
2020-06-17 15:10:23,481 [Worker-39] INFO  o.e.m.c.i.embedder.EclipseLogger - Copying 1 resource
2020-06-17 15:10:23,485 [Worker-39] INFO  o.e.m.c.i.embedder.EclipseLogger - Copying 0 resource
2020-06-17 15:10:23,493 [Worker-39] INFO  o.e.m.c.i.embedder.EclipseLogger - Using 'UTF-8' encoding to copy filtered resources.
2020-06-17 15:10:23,494 [Worker-39] INFO  o.e.m.c.i.embedder.EclipseLogger - skip non existing resourceDirectory D:\microservices\loan\src\test\resources
2020-06-17 15:10:44,356 [Worker-28] INFO  o.e.m.c.i.embedder.EclipseLogger - Using 'UTF-8' encoding to copy filtered resources.
2020-06-17 15:10:44,358 [Worker-28] INFO  o.e.m.c.i.embedder.EclipseLogger - Copying 0 resource
2020-06-17 15:10:44,363 [Worker-28] INFO  o.e.m.c.i.embedder.EclipseLogger - Copying 1 resource
2020-06-17 15:10:44,376 [Worker-28] INFO  o.e.m.c.i.embedder.EclipseLogger - Using 'UTF-8' encoding to copy filtered resources.
2020-06-17 15:10:44,377 [Worker-28] INFO  o.e.m.c.i.embedder.EclipseLogger - skip non existing resourceDirectory D:\microservices\loan\src\test\resources
2020-06-17 15:10:45,499 [Worker-42] INFO  o.e.m.c.i.embedder.EclipseLogger - Using 'UTF-8' encoding to copy filtered resources.
2020-06-17 15:10:45,501 [Worker-42] INFO  o.e.m.c.i.embedder.EclipseLogger - Copying 0 resource
2020-06-17 15:10:45,503 [Worker-42] INFO  o.e.m.c.i.embedder.EclipseLogger - Copying 1 resource
2020-06-17 15:10:45,512 [Worker-42] INFO  o.e.m.c.i.embedder.EclipseLogger - Using 'UTF-8' encoding to copy filtered resources.
2020-06-17 15:10:45,513 [Worker-42] INFO  o.e.m.c.i.embedder.EclipseLogger - skip non existing resourceDirectory D:\microservices\loan\src\test\resources
2020-06-17 15:12:20,599 [Worker-42] INFO  o.e.m.c.i.embedder.EclipseLogger - Using 'UTF-8' encoding to copy filtered resources.
2020-06-17 15:12:20,600 [Worker-42] INFO  o.e.m.c.i.embedder.EclipseLogger - Copying 0 resource
2020-06-17 15:12:20,603 [Worker-42] INFO  o.e.m.c.i.embedder.EclipseLogger - Copying 1 resource
2020-06-17 15:12:20,616 [Worker-42] INFO  o.e.m.c.i.embedder.EclipseLogger - Using 'UTF-8' encoding to copy filtered resources.
2020-06-17 15:12:20,616 [Worker-42] INFO  o.e.m.c.i.embedder.EclipseLogger - skip non existing resourceDirectory D:\microservices\loan\src\test\resources
2020-06-17 15:12:38,475 [Worker-40] INFO  o.e.m.c.i.embedder.EclipseLogger - Using 'UTF-8' encoding to copy filtered resources.
2020-06-17 15:12:38,485 [Worker-40] INFO  o.e.m.c.i.embedder.EclipseLogger - Copying 1 resource
2020-06-17 15:12:38,491 [Worker-40] INFO  o.e.m.c.i.embedder.EclipseLogger - Copying 0 resource
2020-06-17 15:12:38,498 [Worker-40] INFO  o.e.m.c.i.embedder.EclipseLogger - Using 'UTF-8' encoding to copy filtered resources.
2020-06-17 15:12:38,499 [Worker-40] INFO  o.e.m.c.i.embedder.EclipseLogger - skip non existing resourceDirectory D:\microservices\loan\src\test\resources
2020-06-17 15:12:43,091 [Worker-41] INFO  o.e.m.c.i.embedder.EclipseLogger - Using 'UTF-8' encoding to copy filtered resources.
2020-06-17 15:12:43,094 [Worker-41] INFO  o.e.m.c.i.embedder.EclipseLogger - Copying 1 resource
2020-06-17 15:12:43,101 [Worker-41] INFO  o.e.m.c.i.embedder.EclipseLogger - Copying 0 resource
2020-06-17 15:12:43,109 [Worker-41] INFO  o.e.m.c.i.embedder.EclipseLogger - Using 'UTF-8' encoding to copy filtered resources.
2020-06-17 15:12:43,109 [Worker-41] INFO  o.e.m.c.i.embedder.EclipseLogger - skip non existing resourceDirectory D:\microservices\loan\src\test\resources
2020-06-17 15:13:21,722 [Worker-40] INFO  o.e.m.c.i.embedder.EclipseLogger - Using 'UTF-8' encoding to copy filtered resources.
2020-06-17 15:13:21,725 [Worker-40] INFO  o.e.m.c.i.embedder.EclipseLogger - Copying 1 resource
2020-06-17 15:13:21,730 [Worker-40] INFO  o.e.m.c.i.embedder.EclipseLogger - Copying 1 resource
2020-06-17 15:13:21,758 [Worker-40] INFO  o.e.m.c.i.embedder.EclipseLogger - Using 'UTF-8' encoding to copy filtered resources.
2020-06-17 15:13:21,759 [Worker-40] INFO  o.e.m.c.i.embedder.EclipseLogger - skip non existing resourceDirectory D:\microservices\loan\src\test\resources
2020-06-17 15:13:52,971 [Worker-41] INFO  o.e.m.c.i.embedder.EclipseLogger - Using 'UTF-8' encoding to copy filtered resources.
2020-06-17 15:13:52,974 [Worker-41] INFO  o.e.m.c.i.embedder.EclipseLogger - Copying 1 resource
2020-06-17 15:13:52,979 [Worker-41] INFO  o.e.m.c.i.embedder.EclipseLogger - Copying 1 resource
2020-06-17 15:13:52,987 [Worker-41] INFO  o.e.m.c.i.embedder.EclipseLogger - Using 'UTF-8' encoding to copy filtered resources.
2020-06-17 15:13:52,987 [Worker-41] INFO  o.e.m.c.i.embedder.EclipseLogger - skip non existing resourceDirectory D:\microservices\loan\src\test\resources
2020-06-17 15:14:06,348 [Worker-41] INFO  o.e.m.c.i.embedder.EclipseLogger - Using 'UTF-8' encoding to copy filtered resources.
2020-06-17 15:14:06,351 [Worker-41] INFO  o.e.m.c.i.embedder.EclipseLogger - Copying 1 resource
2020-06-17 15:14:06,355 [Worker-41] INFO  o.e.m.c.i.embedder.EclipseLogger - Copying 1 resource
2020-06-17 15:14:06,364 [Worker-41] INFO  o.e.m.c.i.embedder.EclipseLogger - Using 'UTF-8' encoding to copy filtered resources.
2020-06-17 15:14:06,365 [Worker-41] INFO  o.e.m.c.i.embedder.EclipseLogger - skip non existing resourceDirectory D:\microservices\loan\src\test\resources
2020-06-17 15:15:29,344 [Worker-43] INFO  o.e.m.c.i.embedder.EclipseLogger - Using 'UTF-8' encoding to copy filtered resources.
2020-06-17 15:15:29,347 [Worker-43] INFO  o.e.m.c.i.embedder.EclipseLogger - Copying 1 resource
2020-06-17 15:15:29,355 [Worker-43] INFO  o.e.m.c.i.embedder.EclipseLogger - Copying 1 resource
2020-06-17 15:15:29,367 [Worker-43] INFO  o.e.m.c.i.embedder.EclipseLogger - Using 'UTF-8' encoding to copy filtered resources.
2020-06-17 15:15:29,368 [Worker-43] INFO  o.e.m.c.i.embedder.EclipseLogger - skip non existing resourceDirectory D:\microservices\loan\src\test\resources
2020-06-17 15:15:50,024 [Worker-43] INFO  o.e.m.c.i.embedder.EclipseLogger - Using 'UTF-8' encoding to copy filtered resources.
2020-06-17 15:15:50,026 [Worker-43] INFO  o.e.m.c.i.embedder.EclipseLogger - Copying 1 resource
2020-06-17 15:15:50,033 [Worker-43] INFO  o.e.m.c.i.embedder.EclipseLogger - Copying 1 resource
2020-06-17 15:15:50,044 [Worker-43] INFO  o.e.m.c.i.embedder.EclipseLogger - Using 'UTF-8' encoding to copy filtered resources.
2020-06-17 15:15:50,045 [Worker-43] INFO  o.e.m.c.i.embedder.EclipseLogger - skip non existing resourceDirectory D:\microservices\loan\src\test\resources
2020-06-17 15:15:57,091 [Worker-41] INFO  o.e.m.c.i.embedder.EclipseLogger - Using 'UTF-8' encoding to copy filtered resources.
2020-06-17 15:15:57,095 [Worker-41] INFO  o.e.m.c.i.embedder.EclipseLogger - Copying 1 resource
2020-06-17 15:15:57,100 [Worker-41] INFO  o.e.m.c.i.embedder.EclipseLogger - Copying 1 resource
2020-06-17 15:15:57,108 [Worker-41] INFO  o.e.m.c.i.embedder.EclipseLogger - Using 'UTF-8' encoding to copy filtered resources.
2020-06-17 15:15:57,109 [Worker-41] INFO  o.e.m.c.i.embedder.EclipseLogger - skip non existing resourceDirectory D:\microservices\loan\src\test\resources
2020-06-17 15:16:19,871 [Worker-43] INFO  o.e.m.c.i.embedder.EclipseLogger - Using 'UTF-8' encoding to copy filtered resources.
2020-06-17 15:16:19,876 [Worker-43] INFO  o.e.m.c.i.embedder.EclipseLogger - Copying 1 resource
2020-06-17 15:16:19,883 [Worker-43] INFO  o.e.m.c.i.embedder.EclipseLogger - Copying 1 resource
2020-06-17 15:16:19,895 [Worker-43] INFO  o.e.m.c.i.embedder.EclipseLogger - Using 'UTF-8' encoding to copy filtered resources.
2020-06-17 15:16:19,895 [Worker-43] INFO  o.e.m.c.i.embedder.EclipseLogger - skip non existing resourceDirectory D:\microservices\account\src\test\resources
2020-06-17 15:16:31,941 [Worker-40] INFO  o.e.m.c.i.embedder.EclipseLogger - Using 'UTF-8' encoding to copy filtered resources.
2020-06-17 15:16:31,949 [Worker-40] INFO  o.e.m.c.i.embedder.EclipseLogger - Copying 1 resource
2020-06-17 15:16:31,956 [Worker-40] INFO  o.e.m.c.i.embedder.EclipseLogger - Copying 1 resource
2020-06-17 15:16:31,967 [Worker-40] INFO  o.e.m.c.i.embedder.EclipseLogger - Using 'UTF-8' encoding to copy filtered resources.
2020-06-17 15:16:31,968 [Worker-40] INFO  o.e.m.c.i.embedder.EclipseLogger - skip non existing resourceDirectory D:\microservices\account\src\test\resources
2020-06-17 15:16:37,314 [Worker-40] INFO  o.e.m.c.i.embedder.EclipseLogger - Using 'UTF-8' encoding to copy filtered resources.
2020-06-17 15:16:37,316 [Worker-40] INFO  o.e.m.c.i.embedder.EclipseLogger - Copying 1 resource
2020-06-17 15:16:37,321 [Worker-40] INFO  o.e.m.c.i.embedder.EclipseLogger - Copying 1 resource
2020-06-17 15:16:37,328 [Worker-40] INFO  o.e.m.c.i.embedder.EclipseLogger - Using 'UTF-8' encoding to copy filtered resources.
2020-06-17 15:16:37,328 [Worker-40] INFO  o.e.m.c.i.embedder.EclipseLogger - skip non existing resourceDirectory D:\microservices\account\src\test\resources
2020-06-17 15:17:15,602 [Worker-39] INFO  o.e.m.c.i.embedder.EclipseLogger - Using 'UTF-8' encoding to copy filtered resources.
2020-06-17 15:17:15,605 [Worker-39] INFO  o.e.m.c.i.embedder.EclipseLogger - Copying 1 resource
2020-06-17 15:17:15,610 [Worker-39] INFO  o.e.m.c.i.embedder.EclipseLogger - Copying 1 resource
2020-06-17 15:17:15,617 [Worker-39] INFO  o.e.m.c.i.embedder.EclipseLogger - Using 'UTF-8' encoding to copy filtered resources.
2020-06-17 15:17:15,617 [Worker-39] INFO  o.e.m.c.i.embedder.EclipseLogger - skip non existing resourceDirectory D:\microservices\account\src\test\resources
2020-06-17 15:18:08,793 [Worker-28] INFO  o.e.m.c.i.embedder.EclipseLogger - Using 'UTF-8' encoding to copy filtered resources.
2020-06-17 15:18:08,796 [Worker-28] INFO  o.e.m.c.i.embedder.EclipseLogger - Copying 1 resource
2020-06-17 15:18:08,805 [Worker-28] INFO  o.e.m.c.i.embedder.EclipseLogger - Copying 1 resource
2020-06-17 15:18:08,815 [Worker-28] INFO  o.e.m.c.i.embedder.EclipseLogger - Using 'UTF-8' encoding to copy filtered resources.
2020-06-17 15:18:08,816 [Worker-28] INFO  o.e.m.c.i.embedder.EclipseLogger - skip non existing resourceDirectory D:\microservices\loan\src\test\resources
2020-06-17 15:18:22,041 [Worker-39] INFO  o.e.m.c.i.embedder.EclipseLogger - Using 'UTF-8' encoding to copy filtered resources.
2020-06-17 15:18:22,044 [Worker-39] INFO  o.e.m.c.i.embedder.EclipseLogger - Copying 1 resource
2020-06-17 15:18:22,049 [Worker-39] INFO  o.e.m.c.i.embedder.EclipseLogger - Copying 1 resource
2020-06-17 15:18:22,057 [Worker-39] INFO  o.e.m.c.i.embedder.EclipseLogger - Using 'UTF-8' encoding to copy filtered resources.
2020-06-17 15:18:22,057 [Worker-39] INFO  o.e.m.c.i.embedder.EclipseLogger - skip non existing resourceDirectory D:\microservices\account\src\test\resources
2020-06-17 15:18:33,636 [Worker-39] INFO  o.e.m.c.i.embedder.EclipseLogger - Using 'UTF-8' encoding to copy filtered resources.
2020-06-17 15:18:33,640 [Worker-39] INFO  o.e.m.c.i.embedder.EclipseLogger - Copying 1 resource
2020-06-17 15:18:33,646 [Worker-39] INFO  o.e.m.c.i.embedder.EclipseLogger - Copying 1 resource
2020-06-17 15:18:33,653 [Worker-39] INFO  o.e.m.c.i.embedder.EclipseLogger - Using 'UTF-8' encoding to copy filtered resources.
2020-06-17 15:18:33,654 [Worker-39] INFO  o.e.m.c.i.embedder.EclipseLogger - skip non existing resourceDirectory D:\microservices\loan\src\test\resources
2020-06-17 15:18:52,188 [Worker-28] INFO  o.e.m.c.i.embedder.EclipseLogger - Using 'UTF-8' encoding to copy filtered resources.
2020-06-17 15:18:52,197 [Worker-28] INFO  o.e.m.c.i.embedder.EclipseLogger - Copying 1 resource
2020-06-17 15:18:52,224 [Worker-28] INFO  o.e.m.c.i.embedder.EclipseLogger - Copying 1 resource
2020-06-17 15:18:52,232 [Worker-28] INFO  o.e.m.c.i.embedder.EclipseLogger - Using 'UTF-8' encoding to copy filtered resources.
2020-06-17 15:18:52,232 [Worker-28] INFO  o.e.m.c.i.embedder.EclipseLogger - skip non existing resourceDirectory D:\microservices\loan\src\test\resources
2020-06-17 15:20:34,942 [Worker-40] INFO  o.e.m.c.i.embedder.EclipseLogger - Using 'UTF-8' encoding to copy filtered resources.
2020-06-17 15:20:34,946 [Worker-40] INFO  o.e.m.c.i.embedder.EclipseLogger - Copying 1 resource
2020-06-17 15:20:34,953 [Worker-40] INFO  o.e.m.c.i.embedder.EclipseLogger - Copying 1 resource
2020-06-17 15:20:34,963 [Worker-40] INFO  o.e.m.c.i.embedder.EclipseLogger - Using 'UTF-8' encoding to copy filtered resources.
2020-06-17 15:20:34,964 [Worker-40] INFO  o.e.m.c.i.embedder.EclipseLogger - skip non existing resourceDirectory D:\microservices\loan\src\test\resources
2020-06-17 15:21:14,478 [Worker-43] INFO  o.e.m.c.i.embedder.EclipseLogger - Using 'UTF-8' encoding to copy filtered resources.
2020-06-17 15:21:14,481 [Worker-43] INFO  o.e.m.c.i.embedder.EclipseLogger - Copying 1 resource
2020-06-17 15:21:14,487 [Worker-43] INFO  o.e.m.c.i.embedder.EclipseLogger - Copying 1 resource
2020-06-17 15:21:14,495 [Worker-43] INFO  o.e.m.c.i.embedder.EclipseLogger - Using 'UTF-8' encoding to copy filtered resources.
2020-06-17 15:21:14,495 [Worker-43] INFO  o.e.m.c.i.embedder.EclipseLogger - skip non existing resourceDirectory D:\microservices\loan\src\test\resources
2020-06-17 15:21:26,407 [Worker-41] INFO  o.e.m.c.i.embedder.EclipseLogger - Using 'UTF-8' encoding to copy filtered resources.
2020-06-17 15:21:26,415 [Worker-41] INFO  o.e.m.c.i.embedder.EclipseLogger - Copying 1 resource
2020-06-17 15:21:26,430 [Worker-41] INFO  o.e.m.c.i.embedder.EclipseLogger - Copying 1 resource
2020-06-17 15:21:26,443 [Worker-41] INFO  o.e.m.c.i.embedder.EclipseLogger - Using 'UTF-8' encoding to copy filtered resources.
2020-06-17 15:21:26,443 [Worker-41] INFO  o.e.m.c.i.embedder.EclipseLogger - skip non existing resourceDirectory D:\microservices\loan\src\test\resources
2020-06-17 15:23:57,999 [Worker-40] INFO  o.e.m.c.i.embedder.EclipseLogger - Using 'UTF-8' encoding to copy filtered resources.
2020-06-17 15:23:58,004 [Worker-40] INFO  o.e.m.c.i.embedder.EclipseLogger - Copying 1 resource
2020-06-17 15:23:58,013 [Worker-40] INFO  o.e.m.c.i.embedder.EclipseLogger - Copying 1 resource
2020-06-17 15:23:58,026 [Worker-40] INFO  o.e.m.c.i.embedder.EclipseLogger - Using 'UTF-8' encoding to copy filtered resources.
2020-06-17 15:23:58,026 [Worker-40] INFO  o.e.m.c.i.embedder.EclipseLogger - skip non existing resourceDirectory D:\microservices\loan\src\test\resources
2020-06-17 15:24:03,549 [Worker-40] INFO  o.e.m.c.i.embedder.EclipseLogger - Using 'UTF-8' encoding to copy filtered resources.
2020-06-17 15:24:03,552 [Worker-40] INFO  o.e.m.c.i.embedder.EclipseLogger - Copying 1 resource
2020-06-17 15:24:03,562 [Worker-40] INFO  o.e.m.c.i.embedder.EclipseLogger - Copying 1 resource
2020-06-17 15:24:03,571 [Worker-40] INFO  o.e.m.c.i.embedder.EclipseLogger - Using 'UTF-8' encoding to copy filtered resources.
2020-06-17 15:24:03,571 [Worker-40] INFO  o.e.m.c.i.embedder.EclipseLogger - skip non existing resourceDirectory D:\microservices\loan\src\test\resources
2020-06-17 15:31:25,869 [Worker-41] INFO  o.e.m.c.i.embedder.EclipseLogger - Using 'UTF-8' encoding to copy filtered resources.
2020-06-17 15:31:25,874 [Worker-41] INFO  o.e.m.c.i.embedder.EclipseLogger - Copying 1 resource
2020-06-17 15:31:25,884 [Worker-41] INFO  o.e.m.c.i.embedder.EclipseLogger - Copying 1 resource
2020-06-17 15:31:25,899 [Worker-41] INFO  o.e.m.c.i.embedder.EclipseLogger - Using 'UTF-8' encoding to copy filtered resources.
2020-06-17 15:31:25,900 [Worker-41] INFO  o.e.m.c.i.embedder.EclipseLogger - skip non existing resourceDirectory D:\microservices\loan\src\test\resources
2020-06-17 15:31:41,000 [Worker-44] INFO  o.e.m.c.i.embedder.EclipseLogger - Using 'UTF-8' encoding to copy filtered resources.
2020-06-17 15:31:41,003 [Worker-44] INFO  o.e.m.c.i.embedder.EclipseLogger - Copying 1 resource
2020-06-17 15:31:41,009 [Worker-44] INFO  o.e.m.c.i.embedder.EclipseLogger - Copying 1 resource
2020-06-17 15:31:41,018 [Worker-44] INFO  o.e.m.c.i.embedder.EclipseLogger - Using 'UTF-8' encoding to copy filtered resources.
2020-06-17 15:31:41,019 [Worker-44] INFO  o.e.m.c.i.embedder.EclipseLogger - skip non existing resourceDirectory D:\microservices\loan\src\test\resources
2020-06-17 15:31:48,766 [Worker-44] INFO  o.e.m.c.i.embedder.EclipseLogger - Using 'UTF-8' encoding to copy filtered resources.
2020-06-17 15:31:48,769 [Worker-44] INFO  o.e.m.c.i.embedder.EclipseLogger - Copying 1 resource
2020-06-17 15:31:48,774 [Worker-44] INFO  o.e.m.c.i.embedder.EclipseLogger - Copying 1 resource
2020-06-17 15:31:48,785 [Worker-44] INFO  o.e.m.c.i.embedder.EclipseLogger - Using 'UTF-8' encoding to copy filtered resources.
2020-06-17 15:31:48,786 [Worker-44] INFO  o.e.m.c.i.embedder.EclipseLogger - skip non existing resourceDirectory D:\microservices\loan\src\test\resources
2020-06-17 15:32:02,966 [Worker-28] INFO  o.e.m.c.i.embedder.EclipseLogger - Using 'UTF-8' encoding to copy filtered resources.
2020-06-17 15:32:02,968 [Worker-28] INFO  o.e.m.c.i.embedder.EclipseLogger - Copying 1 resource
2020-06-17 15:32:02,974 [Worker-28] INFO  o.e.m.c.i.embedder.EclipseLogger - Copying 1 resource
2020-06-17 15:32:02,982 [Worker-28] INFO  o.e.m.c.i.embedder.EclipseLogger - Using 'UTF-8' encoding to copy filtered resources.
2020-06-17 15:32:02,982 [Worker-28] INFO  o.e.m.c.i.embedder.EclipseLogger - skip non existing resourceDirectory D:\microservices\loan\src\test\resources
2020-06-17 15:59:10,620 [Worker-53] INFO  o.e.m.c.i.l.LifecycleMappingFactory - Using org.eclipse.m2e.jdt.JarLifecycleMapping lifecycle mapping for MavenProject: com.cognizant:eureka-discovery-server:0.0.1-SNAPSHOT @ D:\microservices\eureka-discovery-server\pom.xml.
2020-06-17 15:59:27,226 [Worker-53] INFO  o.e.m.j.i.AbstractJavaProjectConfigurator - Adding source folder /eureka-discovery-server/src/main/java
2020-06-17 15:59:27,227 [Worker-53] INFO  o.e.m.j.i.AbstractJavaProjectConfigurator - Adding resource folder /eureka-discovery-server/src/main/resources
2020-06-17 15:59:27,235 [Worker-53] INFO  o.e.m.j.i.AbstractJavaProjectConfigurator - Adding resource folder /eureka-discovery-server/src/main/resources
2020-06-17 15:59:27,246 [Worker-53] INFO  o.e.m.j.i.AbstractJavaProjectConfigurator - Adding source folder /eureka-discovery-server/src/test/java
2020-06-17 15:59:33,273 [Worker-55] INFO  o.e.m.c.i.l.LifecycleMappingFactory - Using org.eclipse.m2e.jdt.JarLifecycleMapping lifecycle mapping for MavenProject: com.cognizant:eureka-discovery-server:0.0.1-SNAPSHOT @ D:\microservices\eureka-discovery-server\pom.xml.
2020-06-17 15:59:36,470 [Worker-53] INFO  o.e.m.c.i.p.ProjectConfigurationManager - Imported and configured 1 project(s) in 51 sec
2020-06-17 15:59:43,848 [Worker-54] INFO  o.e.m.c.i.l.LifecycleMappingFactory - Using org.eclipse.m2e.jdt.JarLifecycleMapping lifecycle mapping for MavenProject: com.cognizant:eureka-discovery-server:0.0.1-SNAPSHOT @ D:\microservices\eureka-discovery-server\pom.xml.
2020-06-17 15:59:49,151 [Worker-54] INFO  o.e.m.c.i.embedder.EclipseLogger - Using 'UTF-8' encoding to copy filtered resources.
2020-06-17 15:59:49,153 [Worker-54] INFO  o.e.m.c.i.embedder.EclipseLogger - Copying 1 resource
2020-06-17 15:59:49,156 [Worker-54] INFO  o.e.m.c.i.embedder.EclipseLogger - Copying 0 resource
2020-06-17 15:59:49,164 [Worker-54] INFO  o.e.m.c.i.embedder.EclipseLogger - Using 'UTF-8' encoding to copy filtered resources.
2020-06-17 15:59:49,164 [Worker-54] INFO  o.e.m.c.i.embedder.EclipseLogger - skip non existing resourceDirectory D:\microservices\eureka-discovery-server\src\test\resources
2020-06-17 15:59:53,729 [Worker-56] INFO  o.e.m.c.i.l.LifecycleMappingFactory - Using org.eclipse.m2e.jdt.JarLifecycleMapping lifecycle mapping for MavenProject: com.cognizant:eureka-discovery-server:0.0.1-SNAPSHOT @ D:\microservices\eureka-discovery-server\pom.xml.
2020-06-17 16:00:00,888 [Worker-55] INFO  o.e.m.c.i.embedder.EclipseLogger - Using 'UTF-8' encoding to copy filtered resources.
2020-06-17 16:00:00,888 [Worker-55] INFO  o.e.m.c.i.embedder.EclipseLogger - Copying 0 resource
2020-06-17 16:00:00,888 [Worker-55] INFO  o.e.m.c.i.embedder.EclipseLogger - Copying 0 resource
2020-06-17 16:00:00,892 [Worker-55] INFO  o.e.m.c.i.embedder.EclipseLogger - Using 'UTF-8' encoding to copy filtered resources.
2020-06-17 16:00:00,892 [Worker-55] INFO  o.e.m.c.i.embedder.EclipseLogger - skip non existing resourceDirectory D:\microservices\eureka-discovery-server\src\test\resources
2020-06-17 16:08:36,914 [Worker-53] INFO  o.e.m.c.i.embedder.EclipseLogger - Using 'UTF-8' encoding to copy filtered resources.
2020-06-17 16:08:36,918 [Worker-53] INFO  o.e.m.c.i.embedder.EclipseLogger - Copying 1 resource
2020-06-17 16:08:36,923 [Worker-53] INFO  o.e.m.c.i.embedder.EclipseLogger - Copying 0 resource
2020-06-17 16:08:36,930 [Worker-53] INFO  o.e.m.c.i.embedder.EclipseLogger - Using 'UTF-8' encoding to copy filtered resources.
2020-06-17 16:08:36,930 [Worker-53] INFO  o.e.m.c.i.embedder.EclipseLogger - skip non existing resourceDirectory D:\microservices\eureka-discovery-server\src\test\resources
2020-06-17 16:10:46,419 [Worker-57] INFO  o.e.m.c.i.embedder.EclipseLogger - Using 'UTF-8' encoding to copy filtered resources.
2020-06-17 16:10:46,420 [Worker-57] INFO  o.e.m.c.i.embedder.EclipseLogger - Copying 1 resource
2020-06-17 16:10:46,425 [Worker-57] INFO  o.e.m.c.i.embedder.EclipseLogger - Copying 0 resource
2020-06-17 16:10:46,432 [Worker-57] INFO  o.e.m.c.i.embedder.EclipseLogger - Using 'UTF-8' encoding to copy filtered resources.
2020-06-17 16:10:46,432 [Worker-57] INFO  o.e.m.c.i.embedder.EclipseLogger - skip non existing resourceDirectory D:\microservices\eureka-discovery-server\src\test\resources
2020-06-17 16:11:02,226 [Worker-59] INFO  o.e.m.c.i.embedder.EclipseLogger - Using 'UTF-8' encoding to copy filtered resources.
2020-06-17 16:11:02,228 [Worker-59] INFO  o.e.m.c.i.embedder.EclipseLogger - Copying 1 resource
2020-06-17 16:11:02,232 [Worker-59] INFO  o.e.m.c.i.embedder.EclipseLogger - Copying 0 resource
2020-06-17 16:11:02,238 [Worker-59] INFO  o.e.m.c.i.embedder.EclipseLogger - Using 'UTF-8' encoding to copy filtered resources.
2020-06-17 16:11:02,238 [Worker-59] INFO  o.e.m.c.i.embedder.EclipseLogger - skip non existing resourceDirectory D:\microservices\eureka-discovery-server\src\test\resources
2020-06-17 16:17:08,758 [Worker-60] INFO  o.e.m.c.i.l.LifecycleMappingFactory - Using org.eclipse.m2e.jdt.JarLifecycleMapping lifecycle mapping for MavenProject: com.cognizant:account:0.0.1-SNAPSHOT @ D:\microservices\account\pom.xml.
2020-06-17 16:17:14,238 [Worker-60] INFO  o.e.m.c.i.e.AbstractTransferListenerAdapter - Downloaded http://repo.maven.apache.org/maven2/org/springframework/cloud/spring-cloud-starter-netflix-eureka-client/2.2.3.RELEASE/spring-cloud-starter-netflix-eureka-client-2.2.3.RELEASE.pom
2020-06-17 16:17:16,951 [Worker-60] INFO  o.e.m.c.i.embedder.EclipseLogger - Using 'UTF-8' encoding to copy filtered resources.
2020-06-17 16:17:16,969 [Worker-60] INFO  o.e.m.c.i.embedder.EclipseLogger - Copying 0 resource
2020-06-17 16:17:16,970 [Worker-60] INFO  o.e.m.c.i.embedder.EclipseLogger - Copying 0 resource
2020-06-17 16:17:16,978 [Worker-60] INFO  o.e.m.c.i.embedder.EclipseLogger - Using 'UTF-8' encoding to copy filtered resources.
2020-06-17 16:17:16,979 [Worker-60] INFO  o.e.m.c.i.embedder.EclipseLogger - skip non existing resourceDirectory D:\microservices\account\src\test\resources
2020-06-17 16:17:59,863 [Worker-61] INFO  o.e.m.c.i.l.LifecycleMappingFactory - Using org.eclipse.m2e.jdt.JarLifecycleMapping lifecycle mapping for MavenProject: com.cognizant:loan:0.0.1-SNAPSHOT @ D:\microservices\loan\pom.xml.
2020-06-17 16:18:01,145 [Worker-61] INFO  o.e.m.c.i.embedder.EclipseLogger - Using 'UTF-8' encoding to copy filtered resources.
2020-06-17 16:18:01,145 [Worker-61] INFO  o.e.m.c.i.embedder.EclipseLogger - Copying 0 resource
2020-06-17 16:18:01,146 [Worker-61] INFO  o.e.m.c.i.embedder.EclipseLogger - Copying 0 resource
2020-06-17 16:18:01,150 [Worker-61] INFO  o.e.m.c.i.embedder.EclipseLogger - Using 'UTF-8' encoding to copy filtered resources.
2020-06-17 16:18:01,150 [Worker-61] INFO  o.e.m.c.i.embedder.EclipseLogger - skip non existing resourceDirectory D:\microservices\loan\src\test\resources
2020-06-17 16:24:21,658 [Worker-58] INFO  o.e.m.c.i.embedder.EclipseLogger - Using 'UTF-8' encoding to copy filtered resources.
2020-06-17 16:24:21,659 [Worker-58] INFO  o.e.m.c.i.embedder.EclipseLogger - Copying 1 resource
2020-06-17 16:24:21,666 [Worker-58] INFO  o.e.m.c.i.embedder.EclipseLogger - Copying 0 resource
2020-06-17 16:24:21,674 [Worker-58] INFO  o.e.m.c.i.embedder.EclipseLogger - Using 'UTF-8' encoding to copy filtered resources.
2020-06-17 16:24:21,674 [Worker-58] INFO  o.e.m.c.i.embedder.EclipseLogger - skip non existing resourceDirectory D:\microservices\account\src\test\resources
2020-06-17 16:26:45,235 [Worker-63] INFO  o.e.m.c.i.p.ProjectConfigurationManager - Update started
2020-06-17 16:26:47,709 [Worker-63] INFO  o.e.m.c.i.l.LifecycleMappingFactory - Using org.eclipse.m2e.jdt.JarLifecycleMapping lifecycle mapping for MavenProject: com.cognizant:account:0.0.1-SNAPSHOT @ D:\microservices\account\pom.xml.
2020-06-17 16:26:52,866 [Worker-63] INFO  o.e.m.j.i.AbstractJavaProjectConfigurator - Adding source folder /account/src/main/java
2020-06-17 16:26:52,867 [Worker-63] INFO  o.e.m.j.i.AbstractJavaProjectConfigurator - Adding resource folder /account/src/main/resources
2020-06-17 16:26:52,868 [Worker-63] INFO  o.e.m.j.i.AbstractJavaProjectConfigurator - Adding resource folder /account/src/main/resources
2020-06-17 16:26:52,871 [Worker-63] INFO  o.e.m.j.i.AbstractJavaProjectConfigurator - Adding source folder /account/src/test/java
2020-06-17 16:26:57,214 [Worker-63] INFO  o.e.m.c.i.p.ProjectConfigurationManager - Update completed: 11 sec
2020-06-17 16:27:03,427 [Worker-58] INFO  o.e.m.c.i.embedder.EclipseLogger - Using 'UTF-8' encoding to copy filtered resources.
2020-06-17 16:27:03,428 [Worker-58] INFO  o.e.m.c.i.embedder.EclipseLogger - Copying 1 resource
2020-06-17 16:27:03,432 [Worker-58] INFO  o.e.m.c.i.embedder.EclipseLogger - Copying 1 resource
2020-06-17 16:27:03,499 [Worker-58] INFO  o.e.m.c.i.embedder.EclipseLogger - Using 'UTF-8' encoding to copy filtered resources.
2020-06-17 16:27:03,499 [Worker-58] INFO  o.e.m.c.i.embedder.EclipseLogger - skip non existing resourceDirectory D:\microservices\account\src\test\resources
2020-06-17 16:27:49,523 [Worker-65] INFO  o.e.m.c.i.embedder.EclipseLogger - Using 'UTF-8' encoding to copy filtered resources.
2020-06-17 16:27:49,526 [Worker-65] INFO  o.e.m.c.i.embedder.EclipseLogger - Copying 1 resource
2020-06-17 16:27:49,530 [Worker-65] INFO  o.e.m.c.i.embedder.EclipseLogger - Copying 1 resource
2020-06-17 16:27:49,536 [Worker-65] INFO  o.e.m.c.i.embedder.EclipseLogger - Using 'UTF-8' encoding to copy filtered resources.
2020-06-17 16:27:49,536 [Worker-65] INFO  o.e.m.c.i.embedder.EclipseLogger - skip non existing resourceDirectory D:\microservices\account\src\test\resources
2020-06-17 16:28:49,125 [Worker-58] INFO  o.e.m.c.i.embedder.EclipseLogger - Using 'UTF-8' encoding to copy filtered resources.
2020-06-17 16:28:49,128 [Worker-58] INFO  o.e.m.c.i.embedder.EclipseLogger - Copying 1 resource
2020-06-17 16:28:49,132 [Worker-58] INFO  o.e.m.c.i.embedder.EclipseLogger - Copying 1 resource
2020-06-17 16:28:49,154 [Worker-58] INFO  o.e.m.c.i.embedder.EclipseLogger - Using 'UTF-8' encoding to copy filtered resources.
2020-06-17 16:28:49,155 [Worker-58] INFO  o.e.m.c.i.embedder.EclipseLogger - skip non existing resourceDirectory D:\microservices\account\src\test\resources
2020-06-17 16:29:52,878 [Worker-65] INFO  o.e.m.c.i.p.ProjectConfigurationManager - Update started
2020-06-17 16:29:55,066 [Worker-65] INFO  o.e.m.c.i.l.LifecycleMappingFactory - Using org.eclipse.m2e.jdt.JarLifecycleMapping lifecycle mapping for MavenProject: com.cognizant:loan:0.0.1-SNAPSHOT @ D:\microservices\loan\pom.xml.
2020-06-17 16:29:58,845 [Worker-65] INFO  o.e.m.j.i.AbstractJavaProjectConfigurator - Adding source folder /loan/src/main/java
2020-06-17 16:29:58,846 [Worker-65] INFO  o.e.m.j.i.AbstractJavaProjectConfigurator - Adding resource folder /loan/src/main/resources
2020-06-17 16:29:58,846 [Worker-65] INFO  o.e.m.j.i.AbstractJavaProjectConfigurator - Adding resource folder /loan/src/main/resources
2020-06-17 16:29:58,847 [Worker-65] INFO  o.e.m.j.i.AbstractJavaProjectConfigurator - Adding source folder /loan/src/test/java
2020-06-17 16:30:01,415 [Worker-65] INFO  o.e.m.c.i.l.LifecycleMappingFactory - Using org.eclipse.m2e.jdt.JarLifecycleMapping lifecycle mapping for MavenProject: com.cognizant:loan:0.0.1-SNAPSHOT @ D:\microservices\loan\pom.xml.
2020-06-17 16:30:03,226 [Worker-65] INFO  o.e.m.c.i.p.ProjectConfigurationManager - Update completed: 10 sec
2020-06-17 16:30:07,964 [Worker-70] INFO  o.e.m.c.i.embedder.EclipseLogger - Using 'UTF-8' encoding to copy filtered resources.
2020-06-17 16:30:07,971 [Worker-70] INFO  o.e.m.c.i.embedder.EclipseLogger - Copying 1 resource
2020-06-17 16:30:07,984 [Worker-70] INFO  o.e.m.c.i.embedder.EclipseLogger - Copying 1 resource
2020-06-17 16:30:08,003 [Worker-70] INFO  o.e.m.c.i.embedder.EclipseLogger - Using 'UTF-8' encoding to copy filtered resources.
2020-06-17 16:30:08,003 [Worker-70] INFO  o.e.m.c.i.embedder.EclipseLogger - skip non existing resourceDirectory D:\microservices\loan\src\test\resources
2020-06-17 16:33:38,873 [Worker-74] INFO  o.e.m.c.i.embedder.EclipseLogger - Using 'UTF-8' encoding to copy filtered resources.
2020-06-17 16:33:38,875 [Worker-74] INFO  o.e.m.c.i.embedder.EclipseLogger - Copying 1 resource
2020-06-17 16:33:38,880 [Worker-74] INFO  o.e.m.c.i.embedder.EclipseLogger - Copying 0 resource
2020-06-17 16:33:38,890 [Worker-74] INFO  o.e.m.c.i.embedder.EclipseLogger - Using 'UTF-8' encoding to copy filtered resources.
2020-06-17 16:33:38,890 [Worker-74] INFO  o.e.m.c.i.embedder.EclipseLogger - skip non existing resourceDirectory D:\microservices\loan\src\test\resources
2020-06-17 16:34:09,045 [Worker-71] INFO  o.e.m.c.i.embedder.EclipseLogger - Using 'UTF-8' encoding to copy filtered resources.
2020-06-17 16:34:09,048 [Worker-71] INFO  o.e.m.c.i.embedder.EclipseLogger - Copying 1 resource
2020-06-17 16:34:09,054 [Worker-71] INFO  o.e.m.c.i.embedder.EclipseLogger - Copying 1 resource
2020-06-17 16:34:09,061 [Worker-71] INFO  o.e.m.c.i.embedder.EclipseLogger - Using 'UTF-8' encoding to copy filtered resources.
2020-06-17 16:34:09,062 [Worker-71] INFO  o.e.m.c.i.embedder.EclipseLogger - skip non existing resourceDirectory D:\microservices\loan\src\test\resources
2020-06-17 16:59:32,869 [Worker-79] INFO  o.e.m.c.i.l.LifecycleMappingFactory - Using org.eclipse.m2e.jdt.JarLifecycleMapping lifecycle mapping for MavenProject: com.cognizant:zuul-gateway:0.0.1-SNAPSHOT @ D:\microservices\zuul-gateway\pom.xml.
2020-06-17 16:59:42,005 [Worker-79] INFO  o.e.m.j.i.AbstractJavaProjectConfigurator - Adding source folder /zuul-gateway/src/main/java
2020-06-17 16:59:42,028 [Worker-79] INFO  o.e.m.j.i.AbstractJavaProjectConfigurator - Adding resource folder /zuul-gateway/src/main/resources
2020-06-17 16:59:42,035 [Worker-79] INFO  o.e.m.j.i.AbstractJavaProjectConfigurator - Adding resource folder /zuul-gateway/src/main/resources
2020-06-17 16:59:42,044 [Worker-79] INFO  o.e.m.j.i.AbstractJavaProjectConfigurator - Adding source folder /zuul-gateway/src/test/java
2020-06-17 16:59:43,734 [Worker-79] INFO  o.e.m.c.i.p.ProjectConfigurationManager - Imported and configured 1 project(s) in 29 sec
2020-06-17 16:59:45,900 [Worker-80] INFO  o.e.m.c.i.l.LifecycleMappingFactory - Using org.eclipse.m2e.jdt.JarLifecycleMapping lifecycle mapping for MavenProject: com.cognizant:zuul-gateway:0.0.1-SNAPSHOT @ D:\microservices\zuul-gateway\pom.xml.
2020-06-17 16:59:51,294 [Worker-82] INFO  o.e.m.c.i.l.LifecycleMappingFactory - Using org.eclipse.m2e.jdt.JarLifecycleMapping lifecycle mapping for MavenProject: com.cognizant:zuul-gateway:0.0.1-SNAPSHOT @ D:\microservices\zuul-gateway\pom.xml.
2020-06-17 16:59:56,209 [Worker-82] INFO  o.e.m.c.i.embedder.EclipseLogger - Using 'UTF-8' encoding to copy filtered resources.
2020-06-17 16:59:56,210 [Worker-82] INFO  o.e.m.c.i.embedder.EclipseLogger - Copying 1 resource
2020-06-17 16:59:56,214 [Worker-82] INFO  o.e.m.c.i.embedder.EclipseLogger - Copying 0 resource
2020-06-17 16:59:56,224 [Worker-82] INFO  o.e.m.c.i.embedder.EclipseLogger - Using 'UTF-8' encoding to copy filtered resources.
2020-06-17 16:59:56,224 [Worker-82] INFO  o.e.m.c.i.embedder.EclipseLogger - skip non existing resourceDirectory D:\microservices\zuul-gateway\src\test\resources
2020-06-17 16:59:59,520 [Worker-84] INFO  o.e.m.c.i.l.LifecycleMappingFactory - Using org.eclipse.m2e.jdt.JarLifecycleMapping lifecycle mapping for MavenProject: com.cognizant:zuul-gateway:0.0.1-SNAPSHOT @ D:\microservices\zuul-gateway\pom.xml.
2020-06-17 17:00:07,479 [Worker-82] INFO  o.e.m.c.i.embedder.EclipseLogger - Using 'UTF-8' encoding to copy filtered resources.
2020-06-17 17:00:07,480 [Worker-82] INFO  o.e.m.c.i.embedder.EclipseLogger - Copying 0 resource
2020-06-17 17:00:07,481 [Worker-82] INFO  o.e.m.c.i.embedder.EclipseLogger - Copying 0 resource
2020-06-17 17:00:07,489 [Worker-82] INFO  o.e.m.c.i.embedder.EclipseLogger - Using 'UTF-8' encoding to copy filtered resources.
2020-06-17 17:00:07,490 [Worker-82] INFO  o.e.m.c.i.embedder.EclipseLogger - skip non existing resourceDirectory D:\microservices\zuul-gateway\src\test\resources
2020-06-17 17:01:43,604 [Worker-80] INFO  o.e.m.c.i.embedder.EclipseLogger - Using 'UTF-8' encoding to copy filtered resources.
2020-06-17 17:01:43,607 [Worker-80] INFO  o.e.m.c.i.embedder.EclipseLogger - Copying 1 resource
2020-06-17 17:01:43,612 [Worker-80] INFO  o.e.m.c.i.embedder.EclipseLogger - Copying 0 resource
2020-06-17 17:01:43,619 [Worker-80] INFO  o.e.m.c.i.embedder.EclipseLogger - Using 'UTF-8' encoding to copy filtered resources.
2020-06-17 17:01:43,619 [Worker-80] INFO  o.e.m.c.i.embedder.EclipseLogger - skip non existing resourceDirectory D:\microservices\zuul-gateway\src\test\resources
2020-06-17 17:02:46,587 [Worker-84] INFO  o.e.m.c.i.embedder.EclipseLogger - Using 'UTF-8' encoding to copy filtered resources.
2020-06-17 17:02:46,589 [Worker-84] INFO  o.e.m.c.i.embedder.EclipseLogger - Copying 1 resource
2020-06-17 17:02:46,594 [Worker-84] INFO  o.e.m.c.i.embedder.EclipseLogger - Copying 0 resource
2020-06-17 17:02:46,601 [Worker-84] INFO  o.e.m.c.i.embedder.EclipseLogger - Using 'UTF-8' encoding to copy filtered resources.
2020-06-17 17:02:46,602 [Worker-84] INFO  o.e.m.c.i.embedder.EclipseLogger - skip non existing resourceDirectory D:\microservices\zuul-gateway\src\test\resources
2020-06-17 17:04:11,293 [Worker-81] INFO  o.e.m.c.i.embedder.EclipseLogger - Using 'UTF-8' encoding to copy filtered resources.
2020-06-17 17:04:11,296 [Worker-81] INFO  o.e.m.c.i.embedder.EclipseLogger - Copying 1 resource
2020-06-17 17:04:11,302 [Worker-81] INFO  o.e.m.c.i.embedder.EclipseLogger - Copying 0 resource
2020-06-17 17:04:11,319 [Worker-81] INFO  o.e.m.c.i.embedder.EclipseLogger - Using 'UTF-8' encoding to copy filtered resources.
2020-06-17 17:04:11,319 [Worker-81] INFO  o.e.m.c.i.embedder.EclipseLogger - skip non existing resourceDirectory D:\microservices\zuul-gateway\src\test\resources
2020-06-17 17:05:00,591 [Worker-86] INFO  o.e.m.c.i.embedder.EclipseLogger - Using 'UTF-8' encoding to copy filtered resources.
2020-06-17 17:05:00,594 [Worker-86] INFO  o.e.m.c.i.embedder.EclipseLogger - Copying 1 resource
2020-06-17 17:05:00,599 [Worker-86] INFO  o.e.m.c.i.embedder.EclipseLogger - Copying 0 resource
2020-06-17 17:05:00,606 [Worker-86] INFO  o.e.m.c.i.embedder.EclipseLogger - Using 'UTF-8' encoding to copy filtered resources.
2020-06-17 17:05:00,607 [Worker-86] INFO  o.e.m.c.i.embedder.EclipseLogger - skip non existing resourceDirectory D:\microservices\zuul-gateway\src\test\resources
2020-06-17 17:05:17,861 [Worker-83] INFO  o.e.m.c.i.embedder.EclipseLogger - Using 'UTF-8' encoding to copy filtered resources.
2020-06-17 17:05:17,863 [Worker-83] INFO  o.e.m.c.i.embedder.EclipseLogger - Copying 1 resource
2020-06-17 17:05:17,867 [Worker-83] INFO  o.e.m.c.i.embedder.EclipseLogger - Copying 0 resource
2020-06-17 17:05:17,876 [Worker-83] INFO  o.e.m.c.i.embedder.EclipseLogger - Using 'UTF-8' encoding to copy filtered resources.
2020-06-17 17:05:17,877 [Worker-83] INFO  o.e.m.c.i.embedder.EclipseLogger - skip non existing resourceDirectory D:\microservices\zuul-gateway\src\test\resources
2020-06-17 17:05:54,789 [Worker-83] INFO  o.e.m.c.i.embedder.EclipseLogger - Using 'UTF-8' encoding to copy filtered resources.
2020-06-17 17:05:54,792 [Worker-83] INFO  o.e.m.c.i.embedder.EclipseLogger - Copying 1 resource
2020-06-17 17:05:54,796 [Worker-83] INFO  o.e.m.c.i.embedder.EclipseLogger - Copying 0 resource
2020-06-17 17:05:54,804 [Worker-83] INFO  o.e.m.c.i.embedder.EclipseLogger - Using 'UTF-8' encoding to copy filtered resources.
2020-06-17 17:05:54,804 [Worker-83] INFO  o.e.m.c.i.embedder.EclipseLogger - skip non existing resourceDirectory D:\microservices\zuul-gateway\src\test\resources
2020-06-17 17:06:09,464 [Worker-87] INFO  o.e.m.c.i.embedder.EclipseLogger - Using 'UTF-8' encoding to copy filtered resources.
2020-06-17 17:06:09,467 [Worker-87] INFO  o.e.m.c.i.embedder.EclipseLogger - Copying 1 resource
2020-06-17 17:06:09,472 [Worker-87] INFO  o.e.m.c.i.embedder.EclipseLogger - Copying 0 resource
2020-06-17 17:06:09,478 [Worker-87] INFO  o.e.m.c.i.embedder.EclipseLogger - Using 'UTF-8' encoding to copy filtered resources.
2020-06-17 17:06:09,478 [Worker-87] INFO  o.e.m.c.i.embedder.EclipseLogger - skip non existing resourceDirectory D:\microservices\zuul-gateway\src\test\resources
2020-06-22 11:10:04,148 [Worker-5] INFO  o.e.m.c.i.embedder.EclipseLogger - Using 'UTF-8' encoding to copy filtered resources.
2020-06-22 11:10:04,398 [Worker-5] INFO  o.e.m.c.i.embedder.EclipseLogger - Copying 1 resource
2020-06-22 11:10:04,467 [Worker-5] INFO  o.e.m.c.i.embedder.EclipseLogger - Copying 0 resource
2020-06-22 11:10:04,481 [Worker-5] INFO  o.e.m.c.i.embedder.EclipseLogger - Using 'UTF-8' encoding to copy filtered resources.
2020-06-22 11:10:04,482 [Worker-5] INFO  o.e.m.c.i.embedder.EclipseLogger - skip non existing resourceDirectory D:\microservices\eureka-discovery-server\src\test\resources
2020-06-22 11:10:12,155 [Worker-5] INFO  o.e.m.c.i.embedder.EclipseLogger - Using 'UTF-8' encoding to copy filtered resources.
2020-06-22 11:10:12,208 [Worker-5] INFO  o.e.m.c.i.embedder.EclipseLogger - Copying 1 resource
2020-06-22 11:10:12,216 [Worker-5] INFO  o.e.m.c.i.embedder.EclipseLogger - Copying 0 resource
2020-06-22 11:10:12,224 [Worker-5] INFO  o.e.m.c.i.embedder.EclipseLogger - Using 'UTF-8' encoding to copy filtered resources.
2020-06-22 11:10:12,224 [Worker-5] INFO  o.e.m.c.i.embedder.EclipseLogger - skip non existing resourceDirectory D:\microservices\zuul-gateway\src\test\resources
